<?xml version="1.0" encoding="UTF-8"?>
<testsuite xmlns:xsi="http://www.w3.org/2001/XMLSchema-instance" xsi:noNamespaceSchemaLocation="https://maven.apache.org/surefire/maven-surefire-plugin/xsd/surefire-test-report-3.0.xsd" version="3.0" name="saps.common.utils.CheckRequirementTest" time="0.026" tests="35" errors="0" skipped="0" failures="0">
  <properties>
    <property name="java.specification.version" value="20"/>
    <property name="sun.jnu.encoding" value="UTF-8"/>
    <property name="java.class.path" value="/Users/jhenriqueax/Desktop/LSD/newCommon/v01/saps-common/target/test-classes:/Users/jhenriqueax/Desktop/LSD/newCommon/v01/saps-common/target/classes:/var/root/.m2/repository/org/openprovenance/prov/prov-interop/0.7.0/prov-interop-0.7.0.jar:/var/root/.m2/repository/org/openprovenance/prov/prov-xml/0.7.0/prov-xml-0.7.0.jar:/var/root/.m2/repository/org/openprovenance/prov/prov-model/0.7.0/prov-model-0.7.0.jar:/var/root/.m2/repository/org/apache/commons/commons-lang3/3.4/commons-lang3-3.4.jar:/var/root/.m2/repository/commons-codec/commons-codec/1.9/commons-codec-1.9.jar:/var/root/.m2/repository/commons-collections/commons-collections/3.2.1/commons-collections-3.2.1.jar:/var/root/.m2/repository/com/sun/xml/bind/jaxb-impl/2.2.11/jaxb-impl-2.2.11.jar:/var/root/.m2/repository/com/sun/xml/bind/jaxb-core/2.2.11/jaxb-core-2.2.11.jar:/var/root/.m2/repository/xerces/xercesImpl/2.11.0/xercesImpl-2.11.0.jar:/var/root/.m2/repository/xml-apis/xml-apis/1.4.01/xml-apis-1.4.01.jar:/var/root/.m2/repository/commons-lang/commons-lang/2.6/commons-lang-2.6.jar:/var/root/.m2/repository/org/openprovenance/prov/prov-n/0.7.0/prov-n-0.7.0.jar:/var/root/.m2/repository/org/antlr/antlr-runtime/3.4/antlr-runtime-3.4.jar:/var/root/.m2/repository/antlr/antlr/2.7.7/antlr-2.7.7.jar:/var/root/.m2/repository/org/antlr/stringtemplate/4.0.2/stringtemplate-4.0.2.jar:/var/root/.m2/repository/org/openprovenance/prov/prov-dot/0.7.0/prov-dot-0.7.0.jar:/var/root/.m2/repository/commons-io/commons-io/2.0.1/commons-io-2.0.1.jar:/var/root/.m2/repository/org/openprovenance/prov/prov-json/0.7.0/prov-json-0.7.0.jar:/var/root/.m2/repository/com/google/code/gson/gson/2.1/gson-2.1.jar:/var/root/.m2/repository/org/openprovenance/prov/prov-rdf/0.7.0/prov-rdf-0.7.0.jar:/var/root/.m2/repository/org/openrdf/sesame/sesame-runtime/2.6.10/sesame-runtime-2.6.10.jar:/var/root/.m2/repository/org/openrdf/sesame/sesame-model/2.6.10/sesame-model-2.6.10.jar:/var/root/.m2/repository/org/openrdf/sesame/sesame-query/2.6.10/sesame-query-2.6.10.jar:/var/root/.m2/repository/org/openrdf/sesame/sesame-queryalgebra-model/2.6.10/sesame-queryalgebra-model-2.6.10.jar:/var/root/.m2/repository/org/openrdf/sesame/sesame-queryparser-api/2.6.10/sesame-queryparser-api-2.6.10.jar:/var/root/.m2/repository/org/openrdf/sesame/sesame-queryparser-serql/2.6.10/sesame-queryparser-serql-2.6.10.jar:/var/root/.m2/repository/org/openrdf/sesame/sesame-queryparser-sparql/2.6.10/sesame-queryparser-sparql-2.6.10.jar:/var/root/.m2/repository/org/openrdf/sesame/sesame-queryresultio-api/2.6.10/sesame-queryresultio-api-2.6.10.jar:/var/root/.m2/repository/org/openrdf/sesame/sesame-queryresultio-binary/2.6.10/sesame-queryresultio-binary-2.6.10.jar:/var/root/.m2/repository/org/openrdf/sesame/sesame-queryresultio-sparqljson/2.6.10/sesame-queryresultio-sparqljson-2.6.10.jar:/var/root/.m2/repository/org/openrdf/sesame/sesame-queryresultio-sparqlxml/2.6.10/sesame-queryresultio-sparqlxml-2.6.10.jar:/var/root/.m2/repository/org/openrdf/sesame/sesame-queryresultio-text/2.6.10/sesame-queryresultio-text-2.6.10.jar:/var/root/.m2/repository/net/sf/opencsv/opencsv/2.0/opencsv-2.0.jar:/var/root/.m2/repository/org/openrdf/sesame/sesame-repository-api/2.6.10/sesame-repository-api-2.6.10.jar:/var/root/.m2/repository/org/openrdf/sesame/sesame-repository-manager/2.6.10/sesame-repository-manager-2.6.10.jar:/var/root/.m2/repository/org/openrdf/sesame/sesame-repository-event/2.6.10/sesame-repository-event-2.6.10.jar:/var/root/.m2/repository/org/openrdf/sesame/sesame-repository-http/2.6.10/sesame-repository-http-2.6.10.jar:/var/root/.m2/repository/org/openrdf/sesame/sesame-repository-sail/2.6.10/sesame-repository-sail-2.6.10.jar:/var/root/.m2/repository/org/openrdf/sesame/sesame-repository-dataset/2.6.10/sesame-repository-dataset-2.6.10.jar:/var/root/.m2/repository/org/openrdf/sesame/sesame-repository-contextaware/2.6.10/sesame-repository-contextaware-2.6.10.jar:/var/root/.m2/repository/org/openrdf/sesame/sesame-http-protocol/2.6.10/sesame-http-protocol-2.6.10.jar:/var/root/.m2/repository/org/openrdf/sesame/sesame-http-client/2.6.10/sesame-http-client-2.6.10.jar:/var/root/.m2/repository/commons-httpclient/commons-httpclient/3.1/commons-httpclient-3.1.jar:/var/root/.m2/repository/org/openrdf/sesame/sesame-rio-api/2.6.10/sesame-rio-api-2.6.10.jar:/var/root/.m2/repository/org/openrdf/sesame/sesame-rio-binary/2.6.10/sesame-rio-binary-2.6.10.jar:/var/root/.m2/repository/org/openrdf/sesame/sesame-rio-ntriples/2.6.10/sesame-rio-ntriples-2.6.10.jar:/var/root/.m2/repository/org/openrdf/sesame/sesame-rio-trix/2.6.10/sesame-rio-trix-2.6.10.jar:/var/root/.m2/repository/org/openrdf/sesame/sesame-rio-turtle/2.6.10/sesame-rio-turtle-2.6.10.jar:/var/root/.m2/repository/org/openrdf/sesame/sesame-sail-api/2.6.10/sesame-sail-api-2.6.10.jar:/var/root/.m2/repository/org/openrdf/sesame/sesame-sail-inferencer/2.6.10/sesame-sail-inferencer-2.6.10.jar:/var/root/.m2/repository/org/openrdf/sesame/sesame-sail-memory/2.6.10/sesame-sail-memory-2.6.10.jar:/var/root/.m2/repository/org/openrdf/sesame/sesame-queryalgebra-evaluation/2.6.10/sesame-queryalgebra-evaluation-2.6.10.jar:/var/root/.m2/repository/org/openrdf/sesame/sesame-repository-sparql/2.6.10/sesame-repository-sparql-2.6.10.jar:/var/root/.m2/repository/org/openrdf/sesame/sesame-sail-nativerdf/2.6.10/sesame-sail-nativerdf-2.6.10.jar:/var/root/.m2/repository/org/openrdf/sesame/sesame-sail-rdbms/2.6.10/sesame-sail-rdbms-2.6.10.jar:/var/root/.m2/repository/commons-dbcp/commons-dbcp/1.3/commons-dbcp-1.3.jar:/var/root/.m2/repository/commons-pool/commons-pool/1.5.4/commons-pool-1.5.4.jar:/var/root/.m2/repository/org/slf4j/slf4j-api/1.6.1/slf4j-api-1.6.1.jar:/var/root/.m2/repository/org/openrdf/sesame/sesame-rio-n3/2.6.10/sesame-rio-n3-2.6.10.jar:/var/root/.m2/repository/org/openrdf/sesame/sesame-rio-rdfxml/2.6.10/sesame-rio-rdfxml-2.6.10.jar:/var/root/.m2/repository/org/openrdf/sesame/sesame-util/2.6.10/sesame-util-2.6.10.jar:/var/root/.m2/repository/org/openrdf/sesame/sesame-rio-trig/2.6.10/sesame-rio-trig-2.6.10.jar:/var/root/.m2/repository/org/openprovenance/prov/prov-template/0.7.0/prov-template-0.7.0.jar:/var/root/.m2/repository/org/openprovenance/prov/prov-generator/0.7.0/prov-generator-0.7.0.jar:/var/root/.m2/repository/javax/xml/bind/jaxb-api/2.2.12/jaxb-api-2.2.12.jar:/var/root/.m2/repository/commons-cli/commons-cli/1.0/commons-cli-1.0.jar:/var/root/.m2/repository/commons-logging/commons-logging/1.0/commons-logging-1.0.jar:/var/root/.m2/repository/org/jboss/resteasy/jaxrs-api/3.0.8.Final/jaxrs-api-3.0.8.Final.jar:/var/root/.m2/repository/log4j/log4j/1.2.17/log4j-1.2.17.jar:/var/root/.m2/repository/org/json/json/20090211/json-20090211.jar:/var/root/.m2/repository/junit/junit/4.13.1/junit-4.13.1.jar:/var/root/.m2/repository/org/hamcrest/hamcrest-core/1.3/hamcrest-core-1.3.jar:"/>
    <property name="java.vm.vendor" value="Homebrew"/>
    <property name="sun.arch.data.model" value="64"/>
    <property name="java.vendor.url" value="https://github.com/Homebrew/homebrew-core/issues"/>
    <property name="os.name" value="Mac OS X"/>
    <property name="java.vm.specification.version" value="20"/>
    <property name="sun.java.launcher" value="SUN_STANDARD"/>
    <property name="user.country" value="BR"/>
    <property name="sun.boot.library.path" value="/opt/homebrew/Cellar/openjdk/20.0.1/libexec/openjdk.jdk/Contents/Home/lib"/>
    <property name="sun.java.command" value="/Users/jhenriqueax/Desktop/LSD/newCommon/v01/saps-common/target/surefire/surefirebooter14299877237226791521.jar /Users/jhenriqueax/Desktop/LSD/newCommon/v01/saps-common/target/surefire 2023-07-11T10-01-52_845-jvmRun1 surefire9365911193437256326tmp surefire_017264277148336327442tmp"/>
    <property name="http.nonProxyHosts" value="local|*.local|169.254/16|*.169.254/16"/>
    <property name="jdk.debug" value="release"/>
    <property name="surefire.test.class.path" value="/Users/jhenriqueax/Desktop/LSD/newCommon/v01/saps-common/target/test-classes:/Users/jhenriqueax/Desktop/LSD/newCommon/v01/saps-common/target/classes:/var/root/.m2/repository/org/openprovenance/prov/prov-interop/0.7.0/prov-interop-0.7.0.jar:/var/root/.m2/repository/org/openprovenance/prov/prov-xml/0.7.0/prov-xml-0.7.0.jar:/var/root/.m2/repository/org/openprovenance/prov/prov-model/0.7.0/prov-model-0.7.0.jar:/var/root/.m2/repository/org/apache/commons/commons-lang3/3.4/commons-lang3-3.4.jar:/var/root/.m2/repository/commons-codec/commons-codec/1.9/commons-codec-1.9.jar:/var/root/.m2/repository/commons-collections/commons-collections/3.2.1/commons-collections-3.2.1.jar:/var/root/.m2/repository/com/sun/xml/bind/jaxb-impl/2.2.11/jaxb-impl-2.2.11.jar:/var/root/.m2/repository/com/sun/xml/bind/jaxb-core/2.2.11/jaxb-core-2.2.11.jar:/var/root/.m2/repository/xerces/xercesImpl/2.11.0/xercesImpl-2.11.0.jar:/var/root/.m2/repository/xml-apis/xml-apis/1.4.01/xml-apis-1.4.01.jar:/var/root/.m2/repository/commons-lang/commons-lang/2.6/commons-lang-2.6.jar:/var/root/.m2/repository/org/openprovenance/prov/prov-n/0.7.0/prov-n-0.7.0.jar:/var/root/.m2/repository/org/antlr/antlr-runtime/3.4/antlr-runtime-3.4.jar:/var/root/.m2/repository/antlr/antlr/2.7.7/antlr-2.7.7.jar:/var/root/.m2/repository/org/antlr/stringtemplate/4.0.2/stringtemplate-4.0.2.jar:/var/root/.m2/repository/org/openprovenance/prov/prov-dot/0.7.0/prov-dot-0.7.0.jar:/var/root/.m2/repository/commons-io/commons-io/2.0.1/commons-io-2.0.1.jar:/var/root/.m2/repository/org/openprovenance/prov/prov-json/0.7.0/prov-json-0.7.0.jar:/var/root/.m2/repository/com/google/code/gson/gson/2.1/gson-2.1.jar:/var/root/.m2/repository/org/openprovenance/prov/prov-rdf/0.7.0/prov-rdf-0.7.0.jar:/var/root/.m2/repository/org/openrdf/sesame/sesame-runtime/2.6.10/sesame-runtime-2.6.10.jar:/var/root/.m2/repository/org/openrdf/sesame/sesame-model/2.6.10/sesame-model-2.6.10.jar:/var/root/.m2/repository/org/openrdf/sesame/sesame-query/2.6.10/sesame-query-2.6.10.jar:/var/root/.m2/repository/org/openrdf/sesame/sesame-queryalgebra-model/2.6.10/sesame-queryalgebra-model-2.6.10.jar:/var/root/.m2/repository/org/openrdf/sesame/sesame-queryparser-api/2.6.10/sesame-queryparser-api-2.6.10.jar:/var/root/.m2/repository/org/openrdf/sesame/sesame-queryparser-serql/2.6.10/sesame-queryparser-serql-2.6.10.jar:/var/root/.m2/repository/org/openrdf/sesame/sesame-queryparser-sparql/2.6.10/sesame-queryparser-sparql-2.6.10.jar:/var/root/.m2/repository/org/openrdf/sesame/sesame-queryresultio-api/2.6.10/sesame-queryresultio-api-2.6.10.jar:/var/root/.m2/repository/org/openrdf/sesame/sesame-queryresultio-binary/2.6.10/sesame-queryresultio-binary-2.6.10.jar:/var/root/.m2/repository/org/openrdf/sesame/sesame-queryresultio-sparqljson/2.6.10/sesame-queryresultio-sparqljson-2.6.10.jar:/var/root/.m2/repository/org/openrdf/sesame/sesame-queryresultio-sparqlxml/2.6.10/sesame-queryresultio-sparqlxml-2.6.10.jar:/var/root/.m2/repository/org/openrdf/sesame/sesame-queryresultio-text/2.6.10/sesame-queryresultio-text-2.6.10.jar:/var/root/.m2/repository/net/sf/opencsv/opencsv/2.0/opencsv-2.0.jar:/var/root/.m2/repository/org/openrdf/sesame/sesame-repository-api/2.6.10/sesame-repository-api-2.6.10.jar:/var/root/.m2/repository/org/openrdf/sesame/sesame-repository-manager/2.6.10/sesame-repository-manager-2.6.10.jar:/var/root/.m2/repository/org/openrdf/sesame/sesame-repository-event/2.6.10/sesame-repository-event-2.6.10.jar:/var/root/.m2/repository/org/openrdf/sesame/sesame-repository-http/2.6.10/sesame-repository-http-2.6.10.jar:/var/root/.m2/repository/org/openrdf/sesame/sesame-repository-sail/2.6.10/sesame-repository-sail-2.6.10.jar:/var/root/.m2/repository/org/openrdf/sesame/sesame-repository-dataset/2.6.10/sesame-repository-dataset-2.6.10.jar:/var/root/.m2/repository/org/openrdf/sesame/sesame-repository-contextaware/2.6.10/sesame-repository-contextaware-2.6.10.jar:/var/root/.m2/repository/org/openrdf/sesame/sesame-http-protocol/2.6.10/sesame-http-protocol-2.6.10.jar:/var/root/.m2/repository/org/openrdf/sesame/sesame-http-client/2.6.10/sesame-http-client-2.6.10.jar:/var/root/.m2/repository/commons-httpclient/commons-httpclient/3.1/commons-httpclient-3.1.jar:/var/root/.m2/repository/org/openrdf/sesame/sesame-rio-api/2.6.10/sesame-rio-api-2.6.10.jar:/var/root/.m2/repository/org/openrdf/sesame/sesame-rio-binary/2.6.10/sesame-rio-binary-2.6.10.jar:/var/root/.m2/repository/org/openrdf/sesame/sesame-rio-ntriples/2.6.10/sesame-rio-ntriples-2.6.10.jar:/var/root/.m2/repository/org/openrdf/sesame/sesame-rio-trix/2.6.10/sesame-rio-trix-2.6.10.jar:/var/root/.m2/repository/org/openrdf/sesame/sesame-rio-turtle/2.6.10/sesame-rio-turtle-2.6.10.jar:/var/root/.m2/repository/org/openrdf/sesame/sesame-sail-api/2.6.10/sesame-sail-api-2.6.10.jar:/var/root/.m2/repository/org/openrdf/sesame/sesame-sail-inferencer/2.6.10/sesame-sail-inferencer-2.6.10.jar:/var/root/.m2/repository/org/openrdf/sesame/sesame-sail-memory/2.6.10/sesame-sail-memory-2.6.10.jar:/var/root/.m2/repository/org/openrdf/sesame/sesame-queryalgebra-evaluation/2.6.10/sesame-queryalgebra-evaluation-2.6.10.jar:/var/root/.m2/repository/org/openrdf/sesame/sesame-repository-sparql/2.6.10/sesame-repository-sparql-2.6.10.jar:/var/root/.m2/repository/org/openrdf/sesame/sesame-sail-nativerdf/2.6.10/sesame-sail-nativerdf-2.6.10.jar:/var/root/.m2/repository/org/openrdf/sesame/sesame-sail-rdbms/2.6.10/sesame-sail-rdbms-2.6.10.jar:/var/root/.m2/repository/commons-dbcp/commons-dbcp/1.3/commons-dbcp-1.3.jar:/var/root/.m2/repository/commons-pool/commons-pool/1.5.4/commons-pool-1.5.4.jar:/var/root/.m2/repository/org/slf4j/slf4j-api/1.6.1/slf4j-api-1.6.1.jar:/var/root/.m2/repository/org/openrdf/sesame/sesame-rio-n3/2.6.10/sesame-rio-n3-2.6.10.jar:/var/root/.m2/repository/org/openrdf/sesame/sesame-rio-rdfxml/2.6.10/sesame-rio-rdfxml-2.6.10.jar:/var/root/.m2/repository/org/openrdf/sesame/sesame-util/2.6.10/sesame-util-2.6.10.jar:/var/root/.m2/repository/org/openrdf/sesame/sesame-rio-trig/2.6.10/sesame-rio-trig-2.6.10.jar:/var/root/.m2/repository/org/openprovenance/prov/prov-template/0.7.0/prov-template-0.7.0.jar:/var/root/.m2/repository/org/openprovenance/prov/prov-generator/0.7.0/prov-generator-0.7.0.jar:/var/root/.m2/repository/javax/xml/bind/jaxb-api/2.2.12/jaxb-api-2.2.12.jar:/var/root/.m2/repository/commons-cli/commons-cli/1.0/commons-cli-1.0.jar:/var/root/.m2/repository/commons-logging/commons-logging/1.0/commons-logging-1.0.jar:/var/root/.m2/repository/org/jboss/resteasy/jaxrs-api/3.0.8.Final/jaxrs-api-3.0.8.Final.jar:/var/root/.m2/repository/log4j/log4j/1.2.17/log4j-1.2.17.jar:/var/root/.m2/repository/org/json/json/20090211/json-20090211.jar:/var/root/.m2/repository/junit/junit/4.13.1/junit-4.13.1.jar:/var/root/.m2/repository/org/hamcrest/hamcrest-core/1.3/hamcrest-core-1.3.jar:"/>
    <property name="sun.cpu.endian" value="little"/>
    <property name="user.home" value="/var/root"/>
    <property name="user.language" value="pt"/>
    <property name="java.specification.vendor" value="Oracle Corporation"/>
    <property name="java.version.date" value="2023-04-18"/>
    <property name="java.home" value="/opt/homebrew/Cellar/openjdk/20.0.1/libexec/openjdk.jdk/Contents/Home"/>
    <property name="file.separator" value="/"/>
    <property name="basedir" value="/Users/jhenriqueax/Desktop/LSD/newCommon/v01/saps-common"/>
    <property name="java.vm.compressedOopsMode" value="Zero based"/>
    <property name="line.separator" value="&#10;"/>
    <property name="java.vm.specification.vendor" value="Oracle Corporation"/>
    <property name="java.specification.name" value="Java Platform API Specification"/>
    <property name="apple.awt.application.name" value="ForkedBooter"/>
    <property name="surefire.real.class.path" value="/Users/jhenriqueax/Desktop/LSD/newCommon/v01/saps-common/target/surefire/surefirebooter14299877237226791521.jar"/>
    <property name="sun.management.compiler" value="HotSpot 64-Bit Tiered Compilers"/>
    <property name="ftp.nonProxyHosts" value="local|*.local|169.254/16|*.169.254/16"/>
    <property name="java.runtime.version" value="20.0.1"/>
    <property name="user.name" value="root"/>
    <property name="stdout.encoding" value="UTF-8"/>
    <property name="path.separator" value=":"/>
    <property name="os.version" value="13.4.1"/>
    <property name="java.runtime.name" value="OpenJDK Runtime Environment"/>
    <property name="file.encoding" value="UTF-8"/>
    <property name="java.vm.name" value="OpenJDK 64-Bit Server VM"/>
    <property name="java.vendor.version" value="Homebrew"/>
    <property name="localRepository" value="/var/root/.m2/repository"/>
    <property name="java.vendor.url.bug" value="https://github.com/Homebrew/homebrew-core/issues"/>
    <property name="java.io.tmpdir" value="/var/folders/zz/zyxvpxvq6csfxvn_n0000000000000/T/"/>
    <property name="java.version" value="20.0.1"/>
    <property name="user.dir" value="/Users/jhenriqueax/Desktop/LSD/newCommon/v01/saps-common"/>
    <property name="os.arch" value="aarch64"/>
    <property name="java.vm.specification.name" value="Java Virtual Machine Specification"/>
    <property name="native.encoding" value="UTF-8"/>
    <property name="java.library.path" value="/Users/jhenriqueax/Library/Java/Extensions:/Library/Java/Extensions:/Network/Library/Java/Extensions:/System/Library/Java/Extensions:/usr/lib/java:."/>
    <property name="java.vm.info" value="mixed mode, sharing"/>
    <property name="stderr.encoding" value="UTF-8"/>
    <property name="java.vendor" value="Homebrew"/>
    <property name="java.vm.version" value="20.0.1"/>
    <property name="sun.io.unicode.encoding" value="UnicodeBig"/>
    <property name="socksNonProxyHosts" value="local|*.local|169.254/16|*.169.254/16"/>
    <property name="java.class.version" value="64.0"/>
  </properties>
  <testcase name="failureTest3CheckCPURequirement" classname="saps.common.utils.CheckRequirementTest" time="0.02"/>
  <testcase name="test4CheckMemoryRequirement" classname="saps.common.utils.CheckRequirementTest" time="0"/>
  <testcase name="failureTest2CheckCPURequirement" classname="saps.common.utils.CheckRequirementTest" time="0"/>
  <testcase name="failureTest22CheckMemoryRequirement" classname="saps.common.utils.CheckRequirementTest" time="0"/>
  <testcase name="failureTest12CheckMemoryRequirement" classname="saps.common.utils.CheckRequirementTest" time="0"/>
  <testcase name="test1CheckMemoryRequirement" classname="saps.common.utils.CheckRequirementTest" time="0"/>
  <testcase name="failureTest19CheckMemoryRequirement" classname="saps.common.utils.CheckRequirementTest" time="0"/>
  <testcase name="failureTest7CheckMemoryRequirement" classname="saps.common.utils.CheckRequirementTest" time="0"/>
  <testcase name="failureTest1CheckCPURequirement" classname="saps.common.utils.CheckRequirementTest" time="0.001"/>
  <testcase name="failureTest16CheckMemoryRequirement" classname="saps.common.utils.CheckRequirementTest" time="0"/>
  <testcase name="failureTest4CheckMemoryRequirement" classname="saps.common.utils.CheckRequirementTest" time="0"/>
  <testcase name="test5CheckMemoryRequirement" classname="saps.common.utils.CheckRequirementTest" time="0"/>
  <testcase name="test2CheckCPURequirement" classname="saps.common.utils.CheckRequirementTest" time="0"/>
  <testcase name="failureTest23CheckMemoryRequirement" classname="saps.common.utils.CheckRequirementTest" time="0.001"/>
  <testcase name="test1CheckCPURequirement" classname="saps.common.utils.CheckRequirementTest" time="0"/>
  <testcase name="failureTest13CheckMemoryRequirement" classname="saps.common.utils.CheckRequirementTest" time="0"/>
  <testcase name="failureTest1CheckMemoryRequirement" classname="saps.common.utils.CheckRequirementTest" time="0"/>
  <testcase name="test2CheckMemoryRequirement" classname="saps.common.utils.CheckRequirementTest" time="0"/>
  <testcase name="failureTest8CheckMemoryRequirement" classname="saps.common.utils.CheckRequirementTest" time="0"/>
  <testcase name="failureTest20CheckMemoryRequirement" classname="saps.common.utils.CheckRequirementTest" time="0"/>
  <testcase name="failureTest10CheckMemoryRequirement" classname="saps.common.utils.CheckRequirementTest" time="0"/>
  <testcase name="failureTest17CheckMemoryRequirement" classname="saps.common.utils.CheckRequirementTest" time="0.001"/>
  <testcase name="failureTest5CheckMemoryRequirement" classname="saps.common.utils.CheckRequirementTest" time="0"/>
  <testcase name="test6CheckMemoryRequirement" classname="saps.common.utils.CheckRequirementTest" time="0"/>
  <testcase name="failureTest24CheckMemoryRequirement" classname="saps.common.utils.CheckRequirementTest" time="0"/>
  <testcase name="failureTest14CheckMemoryRequirement" classname="saps.common.utils.CheckRequirementTest" time="0"/>
  <testcase name="failureTest2CheckMemoryRequirement" classname="saps.common.utils.CheckRequirementTest" time="0"/>
  <testcase name="test3CheckMemoryRequirement" classname="saps.common.utils.CheckRequirementTest" time="0"/>
  <testcase name="failureTest9CheckMemoryRequirement" classname="saps.common.utils.CheckRequirementTest" time="0"/>
  <testcase name="failureTest21CheckMemoryRequirement" classname="saps.common.utils.CheckRequirementTest" time="0"/>
  <testcase name="failureTest11CheckMemoryRequirement" classname="saps.common.utils.CheckRequirementTest" time="0"/>
  <testcase name="failureTest18CheckMemoryRequirement" classname="saps.common.utils.CheckRequirementTest" time="0"/>
  <testcase name="failureTest6CheckMemoryRequirement" classname="saps.common.utils.CheckRequirementTest" time="0"/>
  <testcase name="failureTest15CheckMemoryRequirement" classname="saps.common.utils.CheckRequirementTest" time="0"/>
  <testcase name="failureTest3CheckMemoryRequirement" classname="saps.common.utils.CheckRequirementTest" time="0"/>
</testsuite>